# JRE version: OpenJDK Runtime Environment Temurin-21.0.9+10 (21.0.9+10) (build 21.0.9+10-LTS)
# Java VM: OpenJDK 64-Bit Server VM Temurin-21.0.9+10 (21.0.9+10-LTS, mixed mode, sharing, tiered, compressed oops, compressed class ptrs, parallel gc, windows-amd64)
GC Precious Log:
 CardTable entry size: 512
 CPUs: 12 total, 12 available
 Memory: 7487M
 Large Page Support: Disabled
 NUMA Support: Disabled
 Compressed Oops: Enabled (32-bit)
 Alignments: Space 512K, Generation 512K, Heap 2M
 Heap Min Capacity: 100M
 Heap Initial Capacity: 100M
 Heap Max Capacity: 2G
 Pre-touch: Disabled
 Parallel Workers: 10
Heap:
 PSYoungGen      total 2560K, used 1969K [0x00000000d5580000, 0x00000000d5980000, 0x0000000100000000)
  eden space 2048K, 77% used [0x00000000d5580000,0x00000000d570c5b0,0x00000000d5780000)
  from space 512K, 75% used [0x00000000d5900000,0x00000000d5960020,0x00000000d5980000)
  to   space 512K, 0% used [0x00000000d5880000,0x00000000d5880000,0x00000000d5900000)
 ParOldGen       total 332800K, used 332530K [0x0000000080000000, 0x0000000094500000, 0x00000000d5580000)
  object space 332800K, 99% used [0x0000000080000000,0x00000000944bca68,0x0000000094500000)
 Metaspace       used 96938K, committed 98624K, reserved 1179648K
  class space    used 9989K, committed 10752K, reserved 1048576K
GC Heap History (20 events):
Event: 97129.616 GC heap before
{Heap before GC invocations=2882 (full 6):
 PSYoungGen      total 2560K, used 2438K [0x00000000d5580000, 0x00000000d5980000, 0x0000000100000000)
  eden space 2048K, 100% used [0x00000000d5580000,0x00000000d5780000,0x00000000d5780000)
  from space 512K, 76% used [0x00000000d5900000,0x00000000d5961858,0x00000000d5980000)
  to   space 512K, 0% used [0x00000000d5880000,0x00000000d5880000,0x00000000d5900000)
 ParOldGen       total 329728K, used 329641K [0x0000000080000000, 0x0000000094200000, 0x00000000d5580000)
  object space 329728K, 99% used [0x0000000080000000,0x00000000941ea4b8,0x0000000094200000)
 Metaspace       used 96913K, committed 98560K, reserved 1179648K
  class space    used 9986K, committed 10752K, reserved 1048576K
}
Event: 97129.617 GC heap after
{Heap after GC invocations=2882 (full 6):
 PSYoungGen      total 2560K, used 300K [0x00000000d5580000, 0x00000000d5980000, 0x0000000100000000)
  eden space 2048K, 0% used [0x00000000d5580000,0x00000000d5580000,0x00000000d5780000)
  from space 512K, 58% used [0x00000000d5880000,0x00000000d58cb138,0x00000000d5900000)
  to   space 512K, 0% used [0x00000000d5900000,0x00000000d5900000,0x00000000d5980000)
 ParOldGen       total 329728K, used 329689K [0x0000000080000000, 0x0000000094200000, 0x00000000d5580000)
  object space 329728K, 99% used [0x0000000080000000,0x00000000941f64b8,0x0000000094200000)
 Metaspace       used 96913K, committed 98560K, reserved 1179648K
  class space    used 9986K, committed 10752K, reserved 1048576K
}
Event: 97129.632 GC heap before
{Heap before GC invocations=2883 (full 6):
 PSYoungGen      total 2560K, used 2239K [0x00000000d5580000, 0x00000000d5980000, 0x0000000100000000)
  eden space 2048K, 94% used [0x00000000d5580000,0x00000000d5764e08,0x00000000d5780000)
  from space 512K, 58% used [0x00000000d5880000,0x00000000d58cb138,0x00000000d5900000)
  to   space 512K, 0% used [0x00000000d5900000,0x00000000d5900000,0x00000000d5980000)
 ParOldGen       total 329728K, used 329689K [0x0000000080000000, 0x0000000094200000, 0x00000000d5580000)
  object space 329728K, 99% used [0x0000000080000000,0x00000000941f64b8,0x0000000094200000)
 Metaspace       used 96913K, committed 98560K, reserved 1179648K
  class space    used 9986K, committed 10752K, reserved 1048576K
}
Event: 97129.634 GC heap after
{Heap after GC invocations=2883 (full 6):
 PSYoungGen      total 2560K, used 224K [0x00000000d5580000, 0x00000000d5980000, 0x0000000100000000)
  eden space 2048K, 0% used [0x00000000d5580000,0x00000000d5580000,0x00000000d5780000)
  from space 512K, 43% used [0x00000000d5900000,0x00000000d5938000,0x00000000d5980000)
  to   space 512K, 0% used [0x00000000d5880000,0x00000000d5880000,0x00000000d5900000)
 ParOldGen       total 329728K, used 329721K [0x0000000080000000, 0x0000000094200000, 0x00000000d5580000)
  object space 329728K, 99% used [0x0000000080000000,0x00000000941fe4b8,0x0000000094200000)
 Metaspace       used 96913K, committed 98560K, reserved 1179648K
  class space    used 9986K, committed 10752K, reserved 1048576K
}
Event: 97129.651 GC heap before
{Heap before GC invocations=2884 (full 6):
 PSYoungGen      total 2560K, used 2204K [0x00000000d5580000, 0x00000000d5980000, 0x0000000100000000)
  eden space 2048K, 96% used [0x00000000d5580000,0x00000000d576f060,0x00000000d5780000)
  from space 512K, 43% used [0x00000000d5900000,0x00000000d5938000,0x00000000d5980000)
  to   space 512K, 0% used [0x00000000d5880000,0x00000000d5880000,0x00000000d5900000)
 ParOldGen       total 329728K, used 329721K [0x0000000080000000, 0x0000000094200000, 0x00000000d5580000)
  object space 329728K, 99% used [0x0000000080000000,0x00000000941fe4b8,0x0000000094200000)
 Metaspace       used 96913K, committed 98560K, reserved 1179648K
  class space    used 9986K, committed 10752K, reserved 1048576K
}
Event: 97129.652 GC heap after
{Heap after GC invocations=2884 (full 6):
 PSYoungGen      total 2560K, used 288K [0x00000000d5580000, 0x00000000d5980000, 0x0000000100000000)
  eden space 2048K, 0% used [0x00000000d5580000,0x00000000d5580000,0x00000000d5780000)
  from space 512K, 56% used [0x00000000d5880000,0x00000000d58c8000,0x00000000d5900000)
  to   space 512K, 0% used [0x00000000d5900000,0x00000000d5900000,0x00000000d5980000)
 ParOldGen       total 330240K, used 329785K [0x0000000080000000, 0x0000000094280000, 0x00000000d5580000)
  object space 330240K, 99% used [0x0000000080000000,0x000000009420e4b8,0x0000000094280000)
 Metaspace       used 96913K, committed 98560K, reserved 1179648K
  class space    used 9986K, committed 10752K, reserved 1048576K
}
Event: 97129.688 GC heap before
{Heap before GC invocations=2885 (full 6):
 PSYoungGen      total 2560K, used 2226K [0x00000000d5580000, 0x00000000d5980000, 0x0000000100000000)
  eden space 2048K, 94% used [0x00000000d5580000,0x00000000d5764a30,0x00000000d5780000)
  from space 512K, 56% used [0x00000000d5880000,0x00000000d58c8000,0x00000000d5900000)
  to   space 512K, 0% used [0x00000000d5900000,0x00000000d5900000,0x00000000d5980000)
 ParOldGen       total 330240K, used 329785K [0x0000000080000000, 0x0000000094280000, 0x00000000d5580000)
  object space 330240K, 99% used [0x0000000080000000,0x000000009420e4b8,0x0000000094280000)
 Metaspace       used 96913K, committed 98560K, reserved 1179648K
  class space    used 9986K, committed 10752K, reserved 1048576K
}
Event: 97129.690 GC heap after
{Heap after GC invocations=2885 (full 6):
 PSYoungGen      total 2560K, used 192K [0x00000000d5580000, 0x00000000d5980000, 0x0000000100000000)
  eden space 2048K, 0% used [0x00000000d5580000,0x00000000d5580000,0x00000000d5780000)
  from space 512K, 37% used [0x00000000d5900000,0x00000000d5930000,0x00000000d5980000)
  to   space 512K, 0% used [0x00000000d5880000,0x00000000d5880000,0x00000000d5900000)
 ParOldGen       total 330240K, used 329833K [0x0000000080000000, 0x0000000094280000, 0x00000000d5580000)
  object space 330240K, 99% used [0x0000000080000000,0x000000009421a4b8,0x0000000094280000)
 Metaspace       used 96913K, committed 98560K, reserved 1179648K
  class space    used 9986K, committed 10752K, reserved 1048576K
}
Event: 97129.725 GC heap before
{Heap before GC invocations=2886 (full 6):
 PSYoungGen      total 2560K, used 2240K [0x00000000d5580000, 0x00000000d5980000, 0x0000000100000000)
  eden space 2048K, 100% used [0x00000000d5580000,0x00000000d5780000,0x00000000d5780000)
  from space 512K, 37% used [0x00000000d5900000,0x00000000d5930000,0x00000000d5980000)
  to   space 512K, 0% used [0x00000000d5880000,0x00000000d5880000,0x00000000d5900000)
 ParOldGen       total 330240K, used 329833K [0x0000000080000000, 0x0000000094280000, 0x00000000d5580000)
  object space 330240K, 99% used [0x0000000080000000,0x000000009421a4b8,0x0000000094280000)
 Metaspace       used 96913K, committed 98560K, reserved 1179648K
  class space    used 9986K, committed 10752K, reserved 1048576K
}
Event: 97129.727 GC heap after
{Heap after GC invocations=2886 (full 6):
 PSYoungGen      total 2560K, used 301K [0x00000000d5580000, 0x00000000d5980000, 0x0000000100000000)
  eden space 2048K, 0% used [0x00000000d5580000,0x00000000d5580000,0x00000000d5780000)
  from space 512K, 58% used [0x00000000d5880000,0x00000000d58cb758,0x00000000d5900000)
  to   space 512K, 0% used [0x00000000d5900000,0x00000000d5900000,0x00000000d5980000)
 ParOldGen       total 332288K, used 331820K [0x0000000080000000, 0x0000000094480000, 0x00000000d5580000)
  object space 332288K, 99% used [0x0000000080000000,0x000000009440b228,0x0000000094480000)
 Metaspace       used 96913K, committed 98560K, reserved 1179648K
  class space    used 9986K, committed 10752K, reserved 1048576K
}
Event: 97129.776 GC heap before
{Heap before GC invocations=2887 (full 6):
 PSYoungGen      total 2560K, used 2349K [0x00000000d5580000, 0x00000000d5980000, 0x0000000100000000)
  eden space 2048K, 99% used [0x00000000d5580000,0x00000000d577ffb0,0x00000000d5780000)
  from space 512K, 58% used [0x00000000d5880000,0x00000000d58cb758,0x00000000d5900000)
  to   space 512K, 0% used [0x00000000d5900000,0x00000000d5900000,0x00000000d5980000)
 ParOldGen       total 332288K, used 331820K [0x0000000080000000, 0x0000000094480000, 0x00000000d5580000)
  object space 332288K, 99% used [0x0000000080000000,0x000000009440b228,0x0000000094480000)
 Metaspace       used 96913K, committed 98560K, reserved 1179648K
  class space    used 9986K, committed 10752K, reserved 1048576K
}
Event: 97129.777 GC heap after
{Heap after GC invocations=2887 (full 6):
 PSYoungGen      total 2560K, used 265K [0x00000000d5580000, 0x00000000d5980000, 0x0000000100000000)
  eden space 2048K, 0% used [0x00000000d5580000,0x00000000d5580000,0x00000000d5780000)
  from space 512K, 51% used [0x00000000d5900000,0x00000000d5942668,0x00000000d5980000)
  to   space 512K, 0% used [0x00000000d5880000,0x00000000d5880000,0x00000000d5900000)
 ParOldGen       total 332288K, used 331852K [0x0000000080000000, 0x0000000094480000, 0x00000000d5580000)
  object space 332288K, 99% used [0x0000000080000000,0x0000000094413228,0x0000000094480000)
 Metaspace       used 96913K, committed 98560K, reserved 1179648K
  class space    used 9986K, committed 10752K, reserved 1048576K
}
Event: 97129.846 GC heap before
{Heap before GC invocations=2888 (full 6):
 PSYoungGen      total 2560K, used 2313K [0x00000000d5580000, 0x00000000d5980000, 0x0000000100000000)
  eden space 2048K, 100% used [0x00000000d5580000,0x00000000d5780000,0x00000000d5780000)
  from space 512K, 51% used [0x00000000d5900000,0x00000000d5942668,0x00000000d5980000)
  to   space 512K, 0% used [0x00000000d5880000,0x00000000d5880000,0x00000000d5900000)
 ParOldGen       total 332288K, used 331852K [0x0000000080000000, 0x0000000094480000, 0x00000000d5580000)
  object space 332288K, 99% used [0x0000000080000000,0x0000000094413228,0x0000000094480000)
 Metaspace       used 96913K, committed 98560K, reserved 1179648K
  class space    used 9986K, committed 10752K, reserved 1048576K
}
Event: 97129.847 GC heap after
{Heap after GC invocations=2888 (full 6):
 PSYoungGen      total 2560K, used 403K [0x00000000d5580000, 0x00000000d5980000, 0x0000000100000000)
  eden space 2048K, 0% used [0x00000000d5580000,0x00000000d5580000,0x00000000d5780000)
  from space 512K, 78% used [0x00000000d5880000,0x00000000d58e4c48,0x00000000d5900000)
  to   space 512K, 0% used [0x00000000d5900000,0x00000000d5900000,0x00000000d5980000)
 ParOldGen       total 332288K, used 332071K [0x0000000080000000, 0x0000000094480000, 0x00000000d5580000)
  object space 332288K, 99% used [0x0000000080000000,0x0000000094449e70,0x0000000094480000)
 Metaspace       used 96913K, committed 98560K, reserved 1179648K
  class space    used 9986K, committed 10752K, reserved 1048576K
}
Event: 97129.950 GC heap before
{Heap before GC invocations=2889 (full 6):
 PSYoungGen      total 2560K, used 2451K [0x00000000d5580000, 0x00000000d5980000, 0x0000000100000000)
  eden space 2048K, 100% used [0x00000000d5580000,0x00000000d5780000,0x00000000d5780000)
  from space 512K, 78% used [0x00000000d5880000,0x00000000d58e4c48,0x00000000d5900000)
  to   space 512K, 0% used [0x00000000d5900000,0x00000000d5900000,0x00000000d5980000)
 ParOldGen       total 332288K, used 332071K [0x0000000080000000, 0x0000000094480000, 0x00000000d5580000)
  object space 332288K, 99% used [0x0000000080000000,0x0000000094449e70,0x0000000094480000)
 Metaspace       used 96913K, committed 98560K, reserved 1179648K
  class space    used 9986K, committed 10752K, reserved 1048576K
}
Event: 97129.951 GC heap after
{Heap after GC invocations=2889 (full 6):
 PSYoungGen      total 2560K, used 402K [0x00000000d5580000, 0x00000000d5980000, 0x0000000100000000)
  eden space 2048K, 0% used [0x00000000d5580000,0x00000000d5580000,0x00000000d5780000)
  from space 512K, 78% used [0x00000000d5900000,0x00000000d5964b88,0x00000000d5980000)
  to   space 512K, 0% used [0x00000000d5880000,0x00000000d5880000,0x00000000d5900000)
 ParOldGen       total 332288K, used 332266K [0x0000000080000000, 0x0000000094480000, 0x00000000d5580000)
  object space 332288K, 99% used [0x0000000080000000,0x000000009447a9f8,0x0000000094480000)
 Metaspace       used 96913K, committed 98560K, reserved 1179648K
  class space    used 9986K, committed 10752K, reserved 1048576K
}
Event: 97130.122 GC heap before
{Heap before GC invocations=2890 (full 6):
 PSYoungGen      total 2560K, used 2445K [0x00000000d5580000, 0x00000000d5980000, 0x0000000100000000)
  eden space 2048K, 99% used [0x00000000d5580000,0x00000000d577eb50,0x00000000d5780000)
  from space 512K, 78% used [0x00000000d5900000,0x00000000d5964b88,0x00000000d5980000)
  to   space 512K, 0% used [0x00000000d5880000,0x00000000d5880000,0x00000000d5900000)
 ParOldGen       total 332288K, used 332266K [0x0000000080000000, 0x0000000094480000, 0x00000000d5580000)
  object space 332288K, 99% used [0x0000000080000000,0x000000009447a9f8,0x0000000094480000)
 Metaspace       used 96913K, committed 98560K, reserved 1179648K
  class space    used 9986K, committed 10752K, reserved 1048576K
}
Event: 97130.126 GC heap after
{Heap after GC invocations=2890 (full 6):
 PSYoungGen      total 2560K, used 352K [0x00000000d5580000, 0x00000000d5980000, 0x0000000100000000)
  eden space 2048K, 0% used [0x00000000d5580000,0x00000000d5580000,0x00000000d5780000)
  from space 512K, 68% used [0x00000000d5880000,0x00000000d58d8020,0x00000000d5900000)
  to   space 512K, 0% used [0x00000000d5900000,0x00000000d5900000,0x00000000d5980000)
 ParOldGen       total 332800K, used 332306K [0x0000000080000000, 0x0000000094500000, 0x00000000d5580000)
  object space 332800K, 99% used [0x0000000080000000,0x00000000944849f8,0x0000000094500000)
 Metaspace       used 96913K, committed 98560K, reserved 1179648K
  class space    used 9986K, committed 10752K, reserved 1048576K
}
Event: 97130.899 GC heap before
{Heap before GC invocations=2891 (full 6):
 PSYoungGen      total 2560K, used 2400K [0x00000000d5580000, 0x00000000d5980000, 0x0000000100000000)
  eden space 2048K, 100% used [0x00000000d5580000,0x00000000d5780000,0x00000000d5780000)
  from space 512K, 68% used [0x00000000d5880000,0x00000000d58d8020,0x00000000d5900000)
  to   space 512K, 0% used [0x00000000d5900000,0x00000000d5900000,0x00000000d5980000)
 ParOldGen       total 332800K, used 332306K [0x0000000080000000, 0x0000000094500000, 0x00000000d5580000)
  object space 332800K, 99% used [0x0000000080000000,0x00000000944849f8,0x0000000094500000)
 Metaspace       used 96922K, committed 98624K, reserved 1179648K
  class space    used 9986K, committed 10752K, reserved 1048576K
}
Event: 97130.905 GC heap after
{Heap after GC invocations=2891 (full 6):
 PSYoungGen      total 2560K, used 384K [0x00000000d5580000, 0x00000000d5980000, 0x0000000100000000)
  eden space 2048K, 0% used [0x00000000d5580000,0x00000000d5580000,0x00000000d5780000)
  from space 512K, 75% used [0x00000000d5900000,0x00000000d5960020,0x00000000d5980000)
  to   space 512K, 0% used [0x00000000d5880000,0x00000000d5880000,0x00000000d5900000)
 ParOldGen       total 332800K, used 332530K [0x0000000080000000, 0x0000000094500000, 0x00000000d5580000)
  object space 332800K, 99% used [0x0000000080000000,0x00000000944bca68,0x0000000094500000)
 Metaspace       used 96922K, committed 98624K, reserved 1179648K
  class space    used 9986K, committed 10752K, reserved 1048576K
}

